<?xml version="1.0" encoding="UTF-8"?>
<!-- Generated by org.testng.reporters.JUnitReportReporter -->
<testsuite skipped="0" hostname="DESKTOP-DEJB7OM" name="com.application.testsuites.SmokeSuite" tests="1" failures="0" timestamp="2020-07-18T14:00:34 IST" time="7.403" errors="0">
  <testcase name="login" time="7.403" classname="com.application.testsuites.SmokeSuite"/>
  <system-out/>
</testsuite> <!-- com.application.testsuites.SmokeSuite -->
